-------------------------------------------------------------------------------
Test set: com.example.lab4.lab4.Lab4ApplicationTests
-------------------------------------------------------------------------------
Tests run: 1, Failures: 0, Errors: 1, Skipped: 0, Time elapsed: 4.206 s <<< FAILURE! - in com.example.lab4.lab4.Lab4ApplicationTests
contextLoads  Time elapsed: 0.001 s  <<< ERROR!
java.lang.IllegalStateException: Failed to load ApplicationContext for [WebMergedContextConfiguration@191644f3 testClass = com.example.lab4.lab4.Lab4ApplicationTests, locations = [], classes = [com.example.lab4.Lab4Application], contextInitializerClasses = [], activeProfiles = [], propertySourceLocations = [], propertySourceProperties = ["org.springframework.boot.test.context.SpringBootTestContextBootstrapper=true"], contextCustomizers = [org.springframework.boot.test.context.filter.ExcludeFilterContextCustomizer@7316d7ab, org.springframework.boot.test.json.DuplicateJsonObjectContextCustomizerFactory$DuplicateJsonObjectContextCustomizer@528b14d8, org.springframework.boot.test.mock.mockito.MockitoContextCustomizer@0, org.springframework.boot.test.web.client.TestRestTemplateContextCustomizer@1c4769a6, org.springframework.boot.test.autoconfigure.actuate.observability.ObservabilityContextCustomizerFactory$DisableObservabilityContextCustomizer@9da1, org.springframework.boot.test.autoconfigure.properties.PropertyMappingContextCustomizer@0, org.springframework.boot.test.autoconfigure.web.servlet.WebDriverContextCustomizerFactory$Customizer@333a2538, org.springframework.boot.test.context.SpringBootTestAnnotation@7cd0730a], resourceBasePath = "src/main/webapp", contextLoader = org.springframework.boot.test.context.SpringBootContextLoader, parent = null]
Caused by: org.springframework.beans.factory.UnsatisfiedDependencyException: Error creating bean with name 'lab4Application': Unsatisfied dependency expressed through constructor parameter 0: Error creating bean with name 'car_washesRepository' defined in com.example.lab4.repository.Car_washesRepository defined in @EnableJpaRepositories declared on AppConfig: Not a managed type: class com.example.lab4.Entity.Carwashes
Caused by: org.springframework.beans.factory.BeanCreationException: Error creating bean with name 'car_washesRepository' defined in com.example.lab4.repository.Car_washesRepository defined in @EnableJpaRepositories declared on AppConfig: Not a managed type: class com.example.lab4.Entity.Carwashes
Caused by: java.lang.IllegalArgumentException: Not a managed type: class com.example.lab4.Entity.Carwashes

